<?xml version="1.0" encoding="UTF-8"?>
<!-- Generated by org.testng.reporters.JUnitXMLReporter -->
<testsuite hostname="ADMIN-PC" name="Default test" tests="3" failures="0" timestamp="25 Jun 2019 10:58:13 GMT" time="20.565" errors="0">
  <testcase name="loginwithValidds" time="4.461" classname="com.model.MercuryToursTest"/>
  <testcase name="loginwithValidds" time="3.775" classname="com.model.MercuryToursTest"/>
  <testcase name="loginwithValidds" time="4.182" classname="com.model.MercuryToursTest"/>
</testsuite> <!-- Default test -->
