<?xml version="1.0" encoding="UTF-8"?>
<!-- Generated by org.testng.reporters.JUnitXMLReporter -->
<testsuite hostname="ADMIN-PC" name="Test" tests="3" failures="0" timestamp="23 Jun 2019 08:09:01 GMT" time="19.922" errors="0">
  <testcase name="loginwithValidds" time="4.649" classname="com.model.MercuryToursTest"/>
  <testcase name="loginwithValidds" time="4.278" classname="com.model.MercuryToursTest"/>
  <testcase name="loginwithValidds" time="4.303" classname="com.model.MercuryToursTest"/>
</testsuite> <!-- Test -->
